c:\users\admin\documents\p3dviewer\x64\debug\vc140.pdb
c:\users\admin\documents\p3dviewer\x64\debug\objectfile.obj
c:\users\admin\documents\p3dviewer\x64\debug\newwindow.obj
c:\users\admin\documents\p3dviewer\x64\debug\mainwindow.obj
c:\users\admin\documents\p3dviewer\x64\debug\main.obj
c:\users\admin\documents\p3dviewer\x64\debug\moc_mainwindow.obj
c:\users\admin\documents\p3dviewer\x64\debug\3dloader.obj
c:\users\admin\documents\p3dviewer\x64\debug\zbuffer.obj
c:\users\admin\documents\p3dviewer\x64\debug\moc_newwindow.obj
c:\users\admin\documents\p3dviewer\debug\moc_mainwindow.cpp
c:\users\admin\documents\p3dviewer\generatedfiles\ui_mainwindow.h
c:\users\admin\documents\p3dviewer\generatedfiles\ui_newwindow.h
c:\users\admin\documents\p3dviewer\debug\moc_newwindow.cpp
c:\users\admin\documents\p3dviewer\x64\debug\p3dviewer.tlog\cl.command.1.tlog
c:\users\admin\documents\p3dviewer\x64\debug\p3dviewer.tlog\cl.read.1.tlog
c:\users\admin\documents\p3dviewer\x64\debug\p3dviewer.tlog\cl.write.1.tlog
c:\users\admin\documents\p3dviewer\x64\debug\p3dviewer.tlog\custombuild.command.1.tlog
c:\users\admin\documents\p3dviewer\x64\debug\p3dviewer.tlog\custombuild.read.1.tlog
c:\users\admin\documents\p3dviewer\x64\debug\p3dviewer.tlog\custombuild.write.1.tlog
c:\users\admin\documents\p3dviewer\x64\debug\p3dviewer.tlog\link-cvtres.read.1.tlog
c:\users\admin\documents\p3dviewer\x64\debug\p3dviewer.tlog\link-cvtres.write.1.tlog
c:\users\admin\documents\p3dviewer\x64\debug\p3dviewer.tlog\link-rc.read.1.tlog
c:\users\admin\documents\p3dviewer\x64\debug\p3dviewer.tlog\link-rc.write.1.tlog
c:\users\admin\documents\p3dviewer\x64\debug\p3dviewer.tlog\link.10456-cvtres.read.1.tlog
c:\users\admin\documents\p3dviewer\x64\debug\p3dviewer.tlog\link.10456-cvtres.write.1.tlog
c:\users\admin\documents\p3dviewer\x64\debug\p3dviewer.tlog\link.10456-rc.read.1.tlog
c:\users\admin\documents\p3dviewer\x64\debug\p3dviewer.tlog\link.10456-rc.write.1.tlog
c:\users\admin\documents\p3dviewer\x64\debug\p3dviewer.tlog\link.10456.read.1.tlog
c:\users\admin\documents\p3dviewer\x64\debug\p3dviewer.tlog\link.10456.write.1.tlog
c:\users\admin\documents\p3dviewer\x64\debug\p3dviewer.tlog\link.command.1.tlog
c:\users\admin\documents\p3dviewer\x64\debug\p3dviewer.tlog\link.read.1.tlog
c:\users\admin\documents\p3dviewer\x64\debug\p3dviewer.tlog\link.write.1.tlog
